d:\programming\c++\snake-game-sdl2\snake-game-sdl2\x64\debug\vc143.pdb
d:\programming\c++\snake-game-sdl2\snake-game-sdl2\x64\debug\vc143.idb
d:\programming\c++\snake-game-sdl2\snake-game-sdl2\x64\debug\texture.obj
d:\programming\c++\snake-game-sdl2\snake-game-sdl2\x64\debug\spritesheet.obj
d:\programming\c++\snake-game-sdl2\snake-game-sdl2\x64\debug\snake.obj
d:\programming\c++\snake-game-sdl2\snake-game-sdl2\x64\debug\main.obj
d:\programming\c++\snake-game-sdl2\snake-game-sdl2\x64\debug\sprite.obj
d:\programming\c++\snake-game-sdl2\snake-game-sdl2\x64\debug\inputmanager.obj
d:\programming\c++\snake-game-sdl2\snake-game-sdl2\x64\debug\grass.obj
d:\programming\c++\snake-game-sdl2\snake-game-sdl2\x64\debug\graphics.obj
d:\programming\c++\snake-game-sdl2\snake-game-sdl2\x64\debug\gameobject.obj
d:\programming\c++\snake-game-sdl2\snake-game-sdl2\x64\debug\gamescene.obj
d:\programming\c++\snake-game-sdl2\snake-game-sdl2\x64\debug\random.obj
d:\programming\c++\snake-game-sdl2\x64\debug\snake-game-sdl2.exe
d:\programming\c++\snake-game-sdl2\x64\debug\snake-game-sdl2.pdb
d:\programming\c++\snake-game-sdl2\snake-game-sdl2\x64\debug\snake-game-sdl2.ilk
d:\programming\c++\snake-game-sdl2\snake-game-sdl2\x64\debug\snake-game-sdl2.tlog\cl.command.1.tlog
d:\programming\c++\snake-game-sdl2\snake-game-sdl2\x64\debug\snake-game-sdl2.tlog\cl.items.tlog
d:\programming\c++\snake-game-sdl2\snake-game-sdl2\x64\debug\snake-game-sdl2.tlog\cl.read.1.tlog
d:\programming\c++\snake-game-sdl2\snake-game-sdl2\x64\debug\snake-game-sdl2.tlog\cl.write.1.tlog
d:\programming\c++\snake-game-sdl2\snake-game-sdl2\x64\debug\snake-game-sdl2.tlog\link.command.1.tlog
d:\programming\c++\snake-game-sdl2\snake-game-sdl2\x64\debug\snake-game-sdl2.tlog\link.read.1.tlog
d:\programming\c++\snake-game-sdl2\snake-game-sdl2\x64\debug\snake-game-sdl2.tlog\link.secondary.1.tlog
d:\programming\c++\snake-game-sdl2\snake-game-sdl2\x64\debug\snake-game-sdl2.tlog\link.write.1.tlog
