  GameScene.cpp
  GameObject.cpp
D:\Programming\C++\snake-game-sdl2\InputManager.h(3,10): error C1083: Cannot open include file: 'SDL.h': No such file or directory
  (compiling source file 'GameScene.cpp')
  
D:\Programming\C++\snake-game-sdl2\InputManager.h(3,10): error C1083: Cannot open include file: 'SDL.h': No such file or directory
  (compiling source file 'GameObject.cpp')
  
  Graphics.cpp
D:\Programming\C++\snake-game-sdl2\Graphics.cpp(1,10): error C1083: Cannot open include file: 'SDL.h': No such file or directory
  Grass.cpp
D:\Programming\C++\snake-game-sdl2\InputManager.h(3,10): error C1083: Cannot open include file: 'SDL.h': No such file or directory
  (compiling source file 'Grass.cpp')
  
  InputManager.cpp
D:\Programming\C++\snake-game-sdl2\InputManager.h(3,10): error C1083: Cannot open include file: 'SDL.h': No such file or directory
  (compiling source file 'InputManager.cpp')
  
  Random.cpp
  Sprite.cpp
D:\Programming\C++\snake-game-sdl2\Texture.h(3,10): error C1083: Cannot open include file: 'SDL_image.h': No such file or directory
  (compiling source file 'Sprite.cpp')
  
  main.cpp
D:\Programming\C++\snake-game-sdl2\InputManager.h(3,10): error C1083: Cannot open include file: 'SDL.h': No such file or directory
  (compiling source file 'main.cpp')
  
  Snake.cpp
D:\Programming\C++\snake-game-sdl2\InputManager.h(3,10): error C1083: Cannot open include file: 'SDL.h': No such file or directory
  (compiling source file 'Snake.cpp')
  
  SpriteSheet.cpp
D:\Programming\C++\snake-game-sdl2\Texture.h(3,10): error C1083: Cannot open include file: 'SDL_image.h': No such file or directory
  (compiling source file 'SpriteSheet.cpp')
  
  Texture.cpp
D:\Programming\C++\snake-game-sdl2\Texture.h(3,10): error C1083: Cannot open include file: 'SDL_image.h': No such file or directory
  (compiling source file 'Texture.cpp')
  
